


ARM Macro Assembler    Page 1 


    1 00000000         ; Generated by videoconvert. Please, do not edit!
    2 00000000         
    3 00000000                 AREA             ExtFlashSection, DATA, READONLY
    4 00000000         
    5 00000000         
    6 00000000                 END
Command Line: --debug --xref --diag_suppress=9931 --cpu=Cortex-M4.fp.sp --apcs=
interwork --depend=f429touchgfx\videos.d -of429touchgfx\videos.o -I..\Core\Inc 
-I.\RTE\_F429Touchgfx -I"D:\Program Files (x86)\Keil_v5\Arm\Packs\ARM\CMSIS\5.7
.0\CMSIS\Core\Include" -I"D:\Program Files (x86)\Keil_v5\Arm\Packs\Keil\STM32F4
xx_DFP\2.14.0\Drivers\CMSIS\Device\ST\STM32F4xx\Include" --predefine="__MICROLI
B SETA 1" --predefine="__UVISION_VERSION SETA 533" --predefine="_RTE_ SETA 1" -
-predefine="STM32F429xx SETA 1" --predefine="_RTE_ SETA 1" --list=videos.lst ..
/touchgfx/generated/videos/src/keil/videos.s



ARM Macro Assembler    Page 1 Alphabetic symbol ordering
Relocatable symbols

ExtFlashSection 00000000

Symbol: ExtFlashSection
   Definitions
      At line 3 in file ../touchgfx/generated/videos/src/keil/videos.s
   Uses
      None
Comment: ExtFlashSection unused
1 symbol
335 symbols in table
